<?xml version="1.0" encoding="UTF-8"?>
<testsuites>
  <testsuite name="App Test Suite" tests="0" assertions="0" failures="0" errors="0" time="0.000000">
    <testsuite name="App\Test\TestCase\Controller\UsersControllerTest" file="/var/www/html/shesagermany/tests/TestCase/Controller/UsersControllerTest.php" tests="0" assertions="0" failures="0" errors="0" time="0.000000"/>
    <testsuite name="App\Test\TestCase\Model\Table\UsersTableTest" file="/var/www/html/shesagermany/tests/TestCase/Model/Table/UsersTableTest.php" tests="0" assertions="0" failures="0" errors="0" time="0.000000"/>
  </testsuite>
</testsuites>
